<?xml version="1.0" encoding="UTF-8"?>
<!-- Generated by org.testng.reporters.JUnitXMLReporter -->
<testsuite ignored="0" hostname="GS-3031" failures="1" tests="3" name="Elements SubTab check" time="31.557" errors="0" timestamp="2021-09-30T14:49:12 IST">
  <testcase classname="com.first_project.testcases.TC_Elements" name="verifyTextBox" time="1.578"/>
  <testcase classname="com.first_project.testcases.TC_Elements" name="verifyCheckBoxFunctionality" time="17.752"/>
  <testcase classname="com.first_project.testcases.TC_Elements" name="VerifyRadioButtonFunctionality" time="4.467">
    <failure type="java.lang.AssertionError" message="expected [https://demoqa.com/] but found [Admin@123]">
      <![CDATA[java.lang.AssertionError: expected [https://demoqa.com/] but found [Admin@123]
at com.first_project.testcases.TC_Elements.VerifyRadioButtonFunctionality(TC_Elements.java:61)
at java.base/java.util.ArrayList.forEach(ArrayList.java:1511)
... Removed 32 stack frames]]>
    </failure>
  </testcase> <!-- VerifyRadioButtonFunctionality -->
</testsuite> <!-- Elements SubTab check -->
