<!DOCTYPE html PUBLIC "-//W3C//DTD XHTML 1.1//EN" "http://www.w3.org/TR/xhtml11/DTD/xhtml11.dtd">
<html xmlns="http://www.w3.org/1999/xhtml">
<head>
<meta http-equiv="content-type" content="text/html; charset=UTF-8"/>
<title>TestNG Report</title>
<style type="text/css">table {margin-bottom:10px;border-collapse:collapse;empty-cells:show}th,td {border:1px solid #009;padding:.25em .5em}th {vertical-align:bottom}td {vertical-align:top}table a {font-weight:bold}.stripe td {background-color: #E6EBF9}.num {text-align:right}.passedodd td {background-color: #3F3}.passedeven td {background-color: #0A0}.skippedodd td {background-color: #DDD}.skippedeven td {background-color: #CCC}.failedodd td,.attn {background-color: #F33}.failedeven td,.stripe .attn {background-color: #D00}.stacktrace {white-space:pre;font-family:monospace}.totop {font-size:85%;text-align:center;border-bottom:2px solid #000}.invisible {display:none}</style>
</head>
<body>
<table>
<tr><th>Test</th><th># Passed</th><th># Skipped</th><th># Retried</th><th># Failed</th><th>Time (ms)</th><th>Included Groups</th><th>Excluded Groups</th></tr>
<tr><th colspan="8">test_suite</th></tr>
<tr><td><a href="#t0">Elements SubTab check</a></td><td class="num">2</td><td class="num">0</td><td class="num">0</td><td class="num attn">1</td><td class="num">31,557</td><td></td><td></td></tr>
<tr class="stripe"><td><a href="#t1">BookStore Login check</a></td><td class="num">1</td><td class="num">0</td><td class="num">0</td><td class="num attn">1</td><td class="num">13,969</td><td></td><td></td></tr>
<tr><td><a href="#t2">BookStore Summary page check</a></td><td class="num">1</td><td class="num">0</td><td class="num">0</td><td class="num">0</td><td class="num">5,300</td><td></td><td></td></tr>
<tr><th>Total</th><th class="num">4</th><th class="num">0</th><th class="num">0</th><th class="num attn">2</th><th class="num">50,826</th><th colspan="2"></th></tr>
</table>
<table id='summary'><thead><tr><th>Class</th><th>Method</th><th>Start</th><th>Time (ms)</th></tr></thead><tbody><tr><th colspan="4">test_suite</th></tr></tbody><tbody id="t0"><tr><th colspan="4">Elements SubTab check &#8212; failed</th></tr><tr class="failedeven"><td rowspan="1">com.first_project.testcases.TC_Elements</td><td><a href="#m0">VerifyRadioButtonFunctionality</a></td><td rowspan="1">1632993548171</td><td rowspan="1">4467</td></tr><tr><th colspan="4">Elements SubTab check &#8212; passed</th></tr><tr class="passedeven"><td rowspan="2">com.first_project.testcases.TC_Elements</td><td><a href="#m1">verifyCheckBoxFunctionality</a></td><td rowspan="1">1632993529775</td><td rowspan="1">17752</td></tr><tr class="passedeven"><td><a href="#m2">verifyTextBox</a></td><td rowspan="1">1632993527516</td><td rowspan="1">1578</td></tr></tbody>
<tbody id="t1"><tr><th colspan="4">BookStore Login check &#8212; failed</th></tr><tr class="failedeven"><td rowspan="1">com.first_project.testcases.TC_BookStoreLogin</td><td><a href="#m3">verifyUserRegistration</a></td><td rowspan="1">1632993563425</td><td rowspan="1">3240</td></tr><tr><th colspan="4">BookStore Login check &#8212; passed</th></tr><tr class="passedeven"><td rowspan="1">com.first_project.testcases.TC_BookStoreLogin</td><td><a href="#m4">verifyUserLogin</a></td><td rowspan="1">1632993559048</td><td rowspan="1">3664</td></tr></tbody>
<tbody id="t2"><tr><th colspan="4">BookStore Summary page check &#8212; passed</th></tr><tr class="passedeven"><td rowspan="1">com.first_project.testcases.TC_BookStoreSummary</td><td><a href="#m5">verifyAllBooks</a></td><td rowspan="1">1632993571450</td><td rowspan="1">540</td></tr></tbody>
</table>
<h2>Elements SubTab check</h2><h3 id="m0">com.first_project.testcases.TC_Elements#VerifyRadioButtonFunctionality</h3><table class="result"><tr><th>Exception</th></tr><tr><td><div class="stacktrace">java.lang.AssertionError: expected [https://demoqa.com/] but found [Admin@123]
	at com.first_project.testcases.TC_Elements.VerifyRadioButtonFunctionality(TC_Elements.java:61)
	at java.base/java.util.ArrayList.forEach(ArrayList.java:1511)
... Removed 32 stack frames</div></td></tr></table><p class="totop"><a href="#summary">back to summary</a></p>
<h3 id="m1">com.first_project.testcases.TC_Elements#verifyCheckBoxFunctionality</h3><table class="result"><tr><th class="invisible"/></tr></table><p class="totop"><a href="#summary">back to summary</a></p>
<h3 id="m2">com.first_project.testcases.TC_Elements#verifyTextBox</h3><table class="result"><tr><th class="invisible"/></tr></table><p class="totop"><a href="#summary">back to summary</a></p>
<h2>BookStore Login check</h2><h3 id="m3">com.first_project.testcases.TC_BookStoreLogin#verifyUserRegistration</h3><table class="result"><tr><th>Exception</th></tr><tr><td><div class="stacktrace">org.openqa.selenium.NoSuchElementException: no such element: Unable to locate element: {&quot;method&quot;:&quot;css selector&quot;,&quot;selector&quot;:&quot;#newUser&quot;}
  (Session info: chrome=93.0.4577.63)
For documentation on this error, please visit: https://www.seleniumhq.org/exceptions/no_such_element.html
Build info: version: &apos;3.141.59&apos;, revision: &apos;e82be7d358&apos;, time: &apos;2018-11-14T08:17:03&apos;
System info: host: &apos;GS-3031&apos;, ip: &apos;127.0.1.1&apos;, os.name: &apos;Linux&apos;, os.arch: &apos;amd64&apos;, os.version: &apos;5.11.0-34-generic&apos;, java.version: &apos;16.0.2&apos;
Driver info: org.openqa.selenium.chrome.ChromeDriver
Capabilities {acceptInsecureCerts: false, browserName: chrome, browserVersion: 93.0.4577.63, chrome: {chromedriverVersion: 93.0.4577.15 (660fc11082ba5..., userDataDir: /tmp/.com.google.Chrome.vo6P9d}, goog:chromeOptions: {debuggerAddress: localhost:43701}, javascriptEnabled: true, networkConnectionEnabled: false, pageLoadStrategy: normal, platform: LINUX, platformName: LINUX, proxy: Proxy(), setWindowRect: true, strictFileInteractability: false, timeouts: {implicit: 0, pageLoad: 300000, script: 30000}, unhandledPromptBehavior: dismiss and notify, webauthn:extension:credBlob: true, webauthn:extension:largeBlob: true, webauthn:virtualAuthenticators: true}
Session ID: 485d2dcc580a40352bfac1a6350f570c
*** Element info: {Using=id, value=newUser}
	at org.openqa.selenium.remote.http.W3CHttpResponseCodec.createException(W3CHttpResponseCodec.java:187)
	at org.openqa.selenium.remote.http.W3CHttpResponseCodec.decode(W3CHttpResponseCodec.java:122)
	at org.openqa.selenium.remote.http.W3CHttpResponseCodec.decode(W3CHttpResponseCodec.java:49)
	at org.openqa.selenium.remote.HttpCommandExecutor.execute(HttpCommandExecutor.java:158)
	at org.openqa.selenium.remote.service.DriverCommandExecutor.execute(DriverCommandExecutor.java:83)
	at org.openqa.selenium.remote.RemoteWebDriver.execute(RemoteWebDriver.java:552)
	at org.openqa.selenium.remote.RemoteWebDriver.findElement(RemoteWebDriver.java:323)
	at org.openqa.selenium.remote.RemoteWebDriver.findElementById(RemoteWebDriver.java:372)
	at org.openqa.selenium.By$ById.findElement(By.java:188)
	at org.openqa.selenium.remote.RemoteWebDriver.findElement(RemoteWebDriver.java:315)
	at com.first_project.pages.BookStoreLoginPageObject.clickNewUser(BookStoreLoginPageObject.java:113)
	at com.first_project.testcases.TC_BookStoreLogin.verifyUserRegistration(TC_BookStoreLogin.java:43)
	at java.base/java.util.ArrayList.forEach(ArrayList.java:1511)
... Removed 32 stack frames</div></td></tr></table><p class="totop"><a href="#summary">back to summary</a></p>
<h3 id="m4">com.first_project.testcases.TC_BookStoreLogin#verifyUserLogin</h3><table class="result"><tr><th class="invisible"/></tr></table><p class="totop"><a href="#summary">back to summary</a></p>
<h2>BookStore Summary page check</h2><h3 id="m5">com.first_project.testcases.TC_BookStoreSummary#verifyAllBooks</h3><table class="result"><tr><th class="invisible"/></tr></table><p class="totop"><a href="#summary">back to summary</a></p>
</body>
</html>
