<?xml version="1.0" encoding="UTF-8"?>
<testng-results ignored="0" total="6" passed="4" failed="2" skipped="0">
  <reporter-output>
  </reporter-output>
  <suite started-at="2021-09-30T14:48:41 IST" name="test_suite" finished-at="2021-09-30T14:49:32 IST" duration-ms="50899">
    <groups>
    </groups>
    <test started-at="2021-09-30T14:48:41 IST" name="Elements SubTab check" finished-at="2021-09-30T14:49:12 IST" duration-ms="31557">
      <class name="com.first_project.testcases.TC_Elements">
        <test-method is-config="true" signature="setup()[pri:0, instance:com.first_project.testcases.TC_Elements@29f69090]" started-at="2021-09-30T14:48:41 IST" name="setup" finished-at="2021-09-30T14:48:42 IST" duration-ms="840" status="PASS">
          <reporter-output>
          </reporter-output>
        </test-method> <!-- setup -->
        <test-method is-config="true" signature="demo1()[pri:0, instance:com.first_project.testcases.TC_Elements@29f69090]" started-at="2021-09-30T14:48:42 IST" name="demo1" finished-at="2021-09-30T14:48:47 IST" duration-ms="5481" status="PASS">
          <reporter-output>
          </reporter-output>
        </test-method> <!-- demo1 -->
        <test-method signature="verifyTextBox()[pri:1, instance:com.first_project.testcases.TC_Elements@29f69090]" started-at="2021-09-30T14:48:47 IST" name="verifyTextBox" finished-at="2021-09-30T14:48:49 IST" duration-ms="1578" status="PASS">
          <reporter-output>
          </reporter-output>
        </test-method> <!-- verifyTextBox -->
        <test-method is-config="true" signature="demo1()[pri:0, instance:com.first_project.testcases.TC_Elements@29f69090]" started-at="2021-09-30T14:48:49 IST" name="demo1" finished-at="2021-09-30T14:48:49 IST" duration-ms="672" status="PASS">
          <reporter-output>
          </reporter-output>
        </test-method> <!-- demo1 -->
        <test-method signature="verifyCheckBoxFunctionality()[pri:2, instance:com.first_project.testcases.TC_Elements@29f69090]" started-at="2021-09-30T14:48:49 IST" name="verifyCheckBoxFunctionality" finished-at="2021-09-30T14:49:07 IST" duration-ms="17752" status="PASS">
          <reporter-output>
          </reporter-output>
        </test-method> <!-- verifyCheckBoxFunctionality -->
        <test-method is-config="true" signature="demo1()[pri:0, instance:com.first_project.testcases.TC_Elements@29f69090]" started-at="2021-09-30T14:49:07 IST" name="demo1" finished-at="2021-09-30T14:49:08 IST" duration-ms="639" status="PASS">
          <reporter-output>
          </reporter-output>
        </test-method> <!-- demo1 -->
        <test-method signature="VerifyRadioButtonFunctionality()[pri:3, instance:com.first_project.testcases.TC_Elements@29f69090]" started-at="2021-09-30T14:49:08 IST" name="VerifyRadioButtonFunctionality" finished-at="2021-09-30T14:49:12 IST" duration-ms="4467" status="FAIL">
          <exception class="java.lang.AssertionError">
            <message>
              <![CDATA[expected [https://demoqa.com/] but found [Admin@123]]]>
            </message>
            <full-stacktrace>
              <![CDATA[java.lang.AssertionError: expected [https://demoqa.com/] but found [Admin@123]
at org.testng.Assert.fail(Assert.java:97)
at org.testng.Assert.assertEqualsImpl(Assert.java:136)
at org.testng.Assert.assertEquals(Assert.java:118)
at org.testng.Assert.assertEquals(Assert.java:575)
at org.testng.Assert.assertEquals(Assert.java:585)
at com.first_project.testcases.TC_Elements.VerifyRadioButtonFunctionality(TC_Elements.java:61)
at java.base/jdk.internal.reflect.NativeMethodAccessorImpl.invoke0(Native Method)
at java.base/jdk.internal.reflect.NativeMethodAccessorImpl.invoke(NativeMethodAccessorImpl.java:78)
at java.base/jdk.internal.reflect.DelegatingMethodAccessorImpl.invoke(DelegatingMethodAccessorImpl.java:43)
at java.base/java.lang.reflect.Method.invoke(Method.java:567)
at org.testng.internal.MethodInvocationHelper.invokeMethod(MethodInvocationHelper.java:134)
at org.testng.internal.TestInvoker.invokeMethod(TestInvoker.java:597)
at org.testng.internal.TestInvoker.invokeTestMethod(TestInvoker.java:173)
at org.testng.internal.MethodRunner.runInSequence(MethodRunner.java:46)
at org.testng.internal.TestInvoker$MethodInvocationAgent.invoke(TestInvoker.java:816)
at org.testng.internal.TestInvoker.invokeTestMethods(TestInvoker.java:146)
at org.testng.internal.TestMethodWorker.invokeTestMethods(TestMethodWorker.java:146)
at org.testng.internal.TestMethodWorker.run(TestMethodWorker.java:128)
at java.base/java.util.ArrayList.forEach(ArrayList.java:1511)
at org.testng.TestRunner.privateRun(TestRunner.java:766)
at org.testng.TestRunner.run(TestRunner.java:587)
at org.testng.SuiteRunner.runTest(SuiteRunner.java:384)
at org.testng.SuiteRunner.runSequentially(SuiteRunner.java:378)
at org.testng.SuiteRunner.privateRun(SuiteRunner.java:337)
at org.testng.SuiteRunner.run(SuiteRunner.java:286)
at org.testng.SuiteRunnerWorker.runSuite(SuiteRunnerWorker.java:53)
at org.testng.SuiteRunnerWorker.run(SuiteRunnerWorker.java:96)
at org.testng.TestNG.runSuitesSequentially(TestNG.java:1187)
at org.testng.TestNG.runSuitesLocally(TestNG.java:1109)
at org.testng.TestNG.runSuites(TestNG.java:1039)
at org.testng.TestNG.run(TestNG.java:1007)
at org.testng.remote.AbstractRemoteTestNG.run(AbstractRemoteTestNG.java:115)
at org.testng.remote.RemoteTestNG.initAndRun(RemoteTestNG.java:251)
at org.testng.remote.RemoteTestNG.main(RemoteTestNG.java:77)
]]>
            </full-stacktrace>
          </exception> <!-- java.lang.AssertionError -->
          <reporter-output>
          </reporter-output>
        </test-method> <!-- VerifyRadioButtonFunctionality -->
        <test-method is-config="true" signature="quit()[pri:0, instance:com.first_project.testcases.TC_Elements@29f69090]" started-at="2021-09-30T14:49:12 IST" name="quit" finished-at="2021-09-30T14:49:12 IST" duration-ms="76" status="PASS">
          <reporter-output>
          </reporter-output>
        </test-method> <!-- quit -->
      </class> <!-- com.first_project.testcases.TC_Elements -->
    </test> <!-- Elements SubTab check -->
    <test started-at="2021-09-30T14:49:12 IST" name="BookStore Login check" finished-at="2021-09-30T14:49:26 IST" duration-ms="13969">
      <class name="com.first_project.testcases.TC_BookStoreLogin">
        <test-method is-config="true" signature="setup()[pri:0, instance:com.first_project.testcases.TC_BookStoreLogin@4034c28c]" started-at="2021-09-30T14:49:12 IST" name="setup" finished-at="2021-09-30T14:49:13 IST" duration-ms="411" status="PASS">
          <reporter-output>
          </reporter-output>
        </test-method> <!-- setup -->
        <test-method is-config="true" signature="demo1()[pri:0, instance:com.first_project.testcases.TC_BookStoreLogin@4034c28c]" started-at="2021-09-30T14:49:13 IST" name="demo1" finished-at="2021-09-30T14:49:19 IST" duration-ms="5861" status="PASS">
          <reporter-output>
          </reporter-output>
        </test-method> <!-- demo1 -->
        <test-method signature="verifyUserLogin()[pri:0, instance:com.first_project.testcases.TC_BookStoreLogin@4034c28c]" started-at="2021-09-30T14:49:19 IST" name="verifyUserLogin" finished-at="2021-09-30T14:49:22 IST" duration-ms="3664" status="PASS">
          <reporter-output>
          </reporter-output>
        </test-method> <!-- verifyUserLogin -->
        <test-method is-config="true" signature="demo1()[pri:0, instance:com.first_project.testcases.TC_BookStoreLogin@4034c28c]" started-at="2021-09-30T14:49:22 IST" name="demo1" finished-at="2021-09-30T14:49:23 IST" duration-ms="712" status="PASS">
          <reporter-output>
          </reporter-output>
        </test-method> <!-- demo1 -->
        <test-method signature="verifyUserRegistration()[pri:0, instance:com.first_project.testcases.TC_BookStoreLogin@4034c28c]" started-at="2021-09-30T14:49:23 IST" name="verifyUserRegistration" finished-at="2021-09-30T14:49:26 IST" duration-ms="3240" status="FAIL">
          <exception class="org.openqa.selenium.NoSuchElementException">
            <message>
              <![CDATA[no such element: Unable to locate element: {"method":"css selector","selector":"#newUser"}
  (Session info: chrome=93.0.4577.63)
For documentation on this error, please visit: https://www.seleniumhq.org/exceptions/no_such_element.html
Build info: version: '3.141.59', revision: 'e82be7d358', time: '2018-11-14T08:17:03'
System info: host: 'GS-3031', ip: '127.0.1.1', os.name: 'Linux', os.arch: 'amd64', os.version: '5.11.0-34-generic', java.version: '16.0.2'
Driver info: org.openqa.selenium.chrome.ChromeDriver
Capabilities {acceptInsecureCerts: false, browserName: chrome, browserVersion: 93.0.4577.63, chrome: {chromedriverVersion: 93.0.4577.15 (660fc11082ba5..., userDataDir: /tmp/.com.google.Chrome.vo6P9d}, goog:chromeOptions: {debuggerAddress: localhost:43701}, javascriptEnabled: true, networkConnectionEnabled: false, pageLoadStrategy: normal, platform: LINUX, platformName: LINUX, proxy: Proxy(), setWindowRect: true, strictFileInteractability: false, timeouts: {implicit: 0, pageLoad: 300000, script: 30000}, unhandledPromptBehavior: dismiss and notify, webauthn:extension:credBlob: true, webauthn:extension:largeBlob: true, webauthn:virtualAuthenticators: true}
Session ID: 485d2dcc580a40352bfac1a6350f570c
*** Element info: {Using=id, value=newUser}]]>
            </message>
            <full-stacktrace>
              <![CDATA[org.openqa.selenium.NoSuchElementException: no such element: Unable to locate element: {"method":"css selector","selector":"#newUser"}
  (Session info: chrome=93.0.4577.63)
For documentation on this error, please visit: https://www.seleniumhq.org/exceptions/no_such_element.html
Build info: version: '3.141.59', revision: 'e82be7d358', time: '2018-11-14T08:17:03'
System info: host: 'GS-3031', ip: '127.0.1.1', os.name: 'Linux', os.arch: 'amd64', os.version: '5.11.0-34-generic', java.version: '16.0.2'
Driver info: org.openqa.selenium.chrome.ChromeDriver
Capabilities {acceptInsecureCerts: false, browserName: chrome, browserVersion: 93.0.4577.63, chrome: {chromedriverVersion: 93.0.4577.15 (660fc11082ba5..., userDataDir: /tmp/.com.google.Chrome.vo6P9d}, goog:chromeOptions: {debuggerAddress: localhost:43701}, javascriptEnabled: true, networkConnectionEnabled: false, pageLoadStrategy: normal, platform: LINUX, platformName: LINUX, proxy: Proxy(), setWindowRect: true, strictFileInteractability: false, timeouts: {implicit: 0, pageLoad: 300000, script: 30000}, unhandledPromptBehavior: dismiss and notify, webauthn:extension:credBlob: true, webauthn:extension:largeBlob: true, webauthn:virtualAuthenticators: true}
Session ID: 485d2dcc580a40352bfac1a6350f570c
*** Element info: {Using=id, value=newUser}
at java.base/jdk.internal.reflect.NativeConstructorAccessorImpl.newInstance0(Native Method)
at java.base/jdk.internal.reflect.NativeConstructorAccessorImpl.newInstance(NativeConstructorAccessorImpl.java:78)
at java.base/jdk.internal.reflect.DelegatingConstructorAccessorImpl.newInstance(DelegatingConstructorAccessorImpl.java:45)
at java.base/java.lang.reflect.Constructor.newInstanceWithCaller(Constructor.java:499)
at java.base/java.lang.reflect.Constructor.newInstance(Constructor.java:480)
at org.openqa.selenium.remote.http.W3CHttpResponseCodec.createException(W3CHttpResponseCodec.java:187)
at org.openqa.selenium.remote.http.W3CHttpResponseCodec.decode(W3CHttpResponseCodec.java:122)
at org.openqa.selenium.remote.http.W3CHttpResponseCodec.decode(W3CHttpResponseCodec.java:49)
at org.openqa.selenium.remote.HttpCommandExecutor.execute(HttpCommandExecutor.java:158)
at org.openqa.selenium.remote.service.DriverCommandExecutor.execute(DriverCommandExecutor.java:83)
at org.openqa.selenium.remote.RemoteWebDriver.execute(RemoteWebDriver.java:552)
at org.openqa.selenium.remote.RemoteWebDriver.findElement(RemoteWebDriver.java:323)
at org.openqa.selenium.remote.RemoteWebDriver.findElementById(RemoteWebDriver.java:372)
at org.openqa.selenium.By$ById.findElement(By.java:188)
at org.openqa.selenium.remote.RemoteWebDriver.findElement(RemoteWebDriver.java:315)
at com.first_project.pages.BookStoreLoginPageObject.clickNewUser(BookStoreLoginPageObject.java:113)
at com.first_project.testcases.TC_BookStoreLogin.verifyUserRegistration(TC_BookStoreLogin.java:43)
at java.base/jdk.internal.reflect.NativeMethodAccessorImpl.invoke0(Native Method)
at java.base/jdk.internal.reflect.NativeMethodAccessorImpl.invoke(NativeMethodAccessorImpl.java:78)
at java.base/jdk.internal.reflect.DelegatingMethodAccessorImpl.invoke(DelegatingMethodAccessorImpl.java:43)
at java.base/java.lang.reflect.Method.invoke(Method.java:567)
at org.testng.internal.MethodInvocationHelper.invokeMethod(MethodInvocationHelper.java:134)
at org.testng.internal.TestInvoker.invokeMethod(TestInvoker.java:597)
at org.testng.internal.TestInvoker.invokeTestMethod(TestInvoker.java:173)
at org.testng.internal.MethodRunner.runInSequence(MethodRunner.java:46)
at org.testng.internal.TestInvoker$MethodInvocationAgent.invoke(TestInvoker.java:816)
at org.testng.internal.TestInvoker.invokeTestMethods(TestInvoker.java:146)
at org.testng.internal.TestMethodWorker.invokeTestMethods(TestMethodWorker.java:146)
at org.testng.internal.TestMethodWorker.run(TestMethodWorker.java:128)
at java.base/java.util.ArrayList.forEach(ArrayList.java:1511)
at org.testng.TestRunner.privateRun(TestRunner.java:766)
at org.testng.TestRunner.run(TestRunner.java:587)
at org.testng.SuiteRunner.runTest(SuiteRunner.java:384)
at org.testng.SuiteRunner.runSequentially(SuiteRunner.java:378)
at org.testng.SuiteRunner.privateRun(SuiteRunner.java:337)
at org.testng.SuiteRunner.run(SuiteRunner.java:286)
at org.testng.SuiteRunnerWorker.runSuite(SuiteRunnerWorker.java:53)
at org.testng.SuiteRunnerWorker.run(SuiteRunnerWorker.java:96)
at org.testng.TestNG.runSuitesSequentially(TestNG.java:1187)
at org.testng.TestNG.runSuitesLocally(TestNG.java:1109)
at org.testng.TestNG.runSuites(TestNG.java:1039)
at org.testng.TestNG.run(TestNG.java:1007)
at org.testng.remote.AbstractRemoteTestNG.run(AbstractRemoteTestNG.java:115)
at org.testng.remote.RemoteTestNG.initAndRun(RemoteTestNG.java:251)
at org.testng.remote.RemoteTestNG.main(RemoteTestNG.java:77)
]]>
            </full-stacktrace>
          </exception> <!-- org.openqa.selenium.NoSuchElementException -->
          <reporter-output>
          </reporter-output>
        </test-method> <!-- verifyUserRegistration -->
        <test-method is-config="true" signature="quit()[pri:0, instance:com.first_project.testcases.TC_BookStoreLogin@4034c28c]" started-at="2021-09-30T14:49:26 IST" name="quit" finished-at="2021-09-30T14:49:26 IST" duration-ms="73" status="PASS">
          <reporter-output>
          </reporter-output>
        </test-method> <!-- quit -->
      </class> <!-- com.first_project.testcases.TC_BookStoreLogin -->
    </test> <!-- BookStore Login check -->
    <test started-at="2021-09-30T14:49:26 IST" name="BookStore Summary page check" finished-at="2021-09-30T14:49:32 IST" duration-ms="5300">
      <class name="com.first_project.testcases.TC_BookStoreSummary">
        <test-method is-config="true" signature="setup()[pri:0, instance:com.first_project.testcases.TC_BookStoreSummary@23282c25]" started-at="2021-09-30T14:49:26 IST" name="setup" finished-at="2021-09-30T14:49:27 IST" duration-ms="436" status="PASS">
          <reporter-output>
          </reporter-output>
        </test-method> <!-- setup -->
        <test-method is-config="true" signature="demo1()[pri:0, instance:com.first_project.testcases.TC_BookStoreSummary@23282c25]" started-at="2021-09-30T14:49:27 IST" name="demo1" finished-at="2021-09-30T14:49:31 IST" duration-ms="4249" status="PASS">
          <reporter-output>
          </reporter-output>
        </test-method> <!-- demo1 -->
        <test-method signature="verifyAllBooks()[pri:0, instance:com.first_project.testcases.TC_BookStoreSummary@23282c25]" started-at="2021-09-30T14:49:31 IST" name="verifyAllBooks" description="Verify all books are getting displayed on Book Store Summary " finished-at="2021-09-30T14:49:31 IST" duration-ms="540" status="PASS">
          <reporter-output>
          </reporter-output>
        </test-method> <!-- verifyAllBooks -->
        <test-method is-config="true" signature="quit()[pri:0, instance:com.first_project.testcases.TC_BookStoreSummary@23282c25]" started-at="2021-09-30T14:49:31 IST" name="quit" finished-at="2021-09-30T14:49:32 IST" duration-ms="71" status="PASS">
          <reporter-output>
          </reporter-output>
        </test-method> <!-- quit -->
      </class> <!-- com.first_project.testcases.TC_BookStoreSummary -->
    </test> <!-- BookStore Summary page check -->
  </suite> <!-- test_suite -->
</testng-results>
